<?xml version="1.0" encoding="UTF-8"?>
<testsuite xmlns:xsi="http://www.w3.org/2001/XMLSchema-instance" xsi:noNamespaceSchemaLocation="https://maven.apache.org/surefire/maven-surefire-plugin/xsd/surefire-test-report.xsd" version="3.0.2" name="com.example.demo.PreenchedorDePontoApplicationTests" time="5.704" tests="1" errors="0" skipped="0" failures="0">
  <properties>
    <property name="java.specification.version" value="17"/>
    <property name="sun.cpu.isalist" value="amd64"/>
    <property name="sun.jnu.encoding" value="Cp1252"/>
    <property name="java.class.path" value="C:\Users\vinicius.nogueira\Desktop\preenchedor ponto\demo\demo\target\test-classes;C:\Users\vinicius.nogueira\Desktop\preenchedor ponto\demo\demo\target\classes;C:\Users\vinicius.nogueira\.m2\repository\org\seleniumhq\selenium\selenium-java\4.19.1\selenium-java-4.19.1.jar;C:\Users\vinicius.nogueira\.m2\repository\org\seleniumhq\selenium\selenium-api\4.25.0\selenium-api-4.25.0.jar;C:\Users\vinicius.nogueira\.m2\repository\org\jspecify\jspecify\1.0.0\jspecify-1.0.0.jar;C:\Users\vinicius.nogueira\.m2\repository\org\seleniumhq\selenium\selenium-chrome-driver\4.25.0\selenium-chrome-driver-4.25.0.jar;C:\Users\vinicius.nogueira\.m2\repository\com\google\auto\service\auto-service-annotations\1.1.1\auto-service-annotations-1.1.1.jar;C:\Users\vinicius.nogueira\.m2\repository\org\seleniumhq\selenium\selenium-chromium-driver\4.25.0\selenium-chromium-driver-4.25.0.jar;C:\Users\vinicius.nogueira\.m2\repository\org\seleniumhq\selenium\selenium-json\4.25.0\selenium-json-4.25.0.jar;C:\Users\vinicius.nogueira\.m2\repository\org\seleniumhq\selenium\selenium-manager\4.25.0\selenium-manager-4.25.0.jar;C:\Users\vinicius.nogueira\.m2\repository\org\seleniumhq\selenium\selenium-devtools-v121\4.19.1\selenium-devtools-v121-4.19.1.jar;C:\Users\vinicius.nogueira\.m2\repository\org\seleniumhq\selenium\selenium-devtools-v122\4.19.1\selenium-devtools-v122-4.19.1.jar;C:\Users\vinicius.nogueira\.m2\repository\org\seleniumhq\selenium\selenium-devtools-v123\4.19.1\selenium-devtools-v123-4.19.1.jar;C:\Users\vinicius.nogueira\.m2\repository\org\seleniumhq\selenium\selenium-devtools-v85\4.25.0\selenium-devtools-v85-4.25.0.jar;C:\Users\vinicius.nogueira\.m2\repository\org\seleniumhq\selenium\selenium-edge-driver\4.25.0\selenium-edge-driver-4.25.0.jar;C:\Users\vinicius.nogueira\.m2\repository\org\seleniumhq\selenium\selenium-firefox-driver\4.25.0\selenium-firefox-driver-4.25.0.jar;C:\Users\vinicius.nogueira\.m2\repository\org\seleniumhq\selenium\selenium-http\4.25.0\selenium-http-4.25.0.jar;C:\Users\vinicius.nogueira\.m2\repository\dev\failsafe\failsafe\3.3.2\failsafe-3.3.2.jar;C:\Users\vinicius.nogueira\.m2\repository\org\seleniumhq\selenium\selenium-ie-driver\4.25.0\selenium-ie-driver-4.25.0.jar;C:\Users\vinicius.nogueira\.m2\repository\org\seleniumhq\selenium\selenium-remote-driver\4.25.0\selenium-remote-driver-4.25.0.jar;C:\Users\vinicius.nogueira\.m2\repository\com\google\guava\guava\33.3.1-jre\guava-33.3.1-jre.jar;C:\Users\vinicius.nogueira\.m2\repository\com\google\guava\failureaccess\1.0.2\failureaccess-1.0.2.jar;C:\Users\vinicius.nogueira\.m2\repository\com\google\guava\listenablefuture\9999.0-empty-to-avoid-conflict-with-guava\listenablefuture-9999.0-empty-to-avoid-conflict-with-guava.jar;C:\Users\vinicius.nogueira\.m2\repository\com\google\code\findbugs\jsr305\3.0.2\jsr305-3.0.2.jar;C:\Users\vinicius.nogueira\.m2\repository\org\checkerframework\checker-qual\3.43.0\checker-qual-3.43.0.jar;C:\Users\vinicius.nogueira\.m2\repository\com\google\j2objc\j2objc-annotations\3.0.0\j2objc-annotations-3.0.0.jar;C:\Users\vinicius.nogueira\.m2\repository\io\opentelemetry\semconv\opentelemetry-semconv\1.25.0-alpha\opentelemetry-semconv-1.25.0-alpha.jar;C:\Users\vinicius.nogueira\.m2\repository\io\opentelemetry\opentelemetry-api\1.43.0\opentelemetry-api-1.43.0.jar;C:\Users\vinicius.nogueira\.m2\repository\io\opentelemetry\opentelemetry-context\1.43.0\opentelemetry-context-1.43.0.jar;C:\Users\vinicius.nogueira\.m2\repository\io\opentelemetry\opentelemetry-exporter-logging\1.43.0\opentelemetry-exporter-logging-1.43.0.jar;C:\Users\vinicius.nogueira\.m2\repository\io\opentelemetry\opentelemetry-sdk-common\1.43.0\opentelemetry-sdk-common-1.43.0.jar;C:\Users\vinicius.nogueira\.m2\repository\io\opentelemetry\opentelemetry-sdk-extension-autoconfigure-spi\1.43.0\opentelemetry-sdk-extension-autoconfigure-spi-1.43.0.jar;C:\Users\vinicius.nogueira\.m2\repository\io\opentelemetry\opentelemetry-sdk-extension-autoconfigure\1.43.0\opentelemetry-sdk-extension-autoconfigure-1.43.0.jar;C:\Users\vinicius.nogueira\.m2\repository\io\opentelemetry\opentelemetry-api-incubator\1.43.0-alpha\opentelemetry-api-incubator-1.43.0-alpha.jar;C:\Users\vinicius.nogueira\.m2\repository\io\opentelemetry\opentelemetry-sdk-trace\1.43.0\opentelemetry-sdk-trace-1.43.0.jar;C:\Users\vinicius.nogueira\.m2\repository\io\opentelemetry\opentelemetry-sdk\1.43.0\opentelemetry-sdk-1.43.0.jar;C:\Users\vinicius.nogueira\.m2\repository\io\opentelemetry\opentelemetry-sdk-metrics\1.43.0\opentelemetry-sdk-metrics-1.43.0.jar;C:\Users\vinicius.nogueira\.m2\repository\io\opentelemetry\opentelemetry-sdk-logs\1.43.0\opentelemetry-sdk-logs-1.43.0.jar;C:\Users\vinicius.nogueira\.m2\repository\net\bytebuddy\byte-buddy\1.15.11\byte-buddy-1.15.11.jar;C:\Users\vinicius.nogueira\.m2\repository\org\seleniumhq\selenium\selenium-os\4.25.0\selenium-os-4.25.0.jar;C:\Users\vinicius.nogueira\.m2\repository\org\apache\commons\commons-exec\1.4.0\commons-exec-1.4.0.jar;C:\Users\vinicius.nogueira\.m2\repository\org\seleniumhq\selenium\selenium-safari-driver\4.25.0\selenium-safari-driver-4.25.0.jar;C:\Users\vinicius.nogueira\.m2\repository\org\seleniumhq\selenium\selenium-support\4.25.0\selenium-support-4.25.0.jar;C:\Users\vinicius.nogueira\.m2\repository\io\github\bonigarcia\webdrivermanager\5.8.0\webdrivermanager-5.8.0.jar;C:\Users\vinicius.nogueira\.m2\repository\org\slf4j\slf4j-api\2.0.16\slf4j-api-2.0.16.jar;C:\Users\vinicius.nogueira\.m2\repository\com\google\code\gson\gson\2.11.0\gson-2.11.0.jar;C:\Users\vinicius.nogueira\.m2\repository\com\google\errorprone\error_prone_annotations\2.27.0\error_prone_annotations-2.27.0.jar;C:\Users\vinicius.nogueira\.m2\repository\com\github\docker-java\docker-java\3.3.6\docker-java-3.3.6.jar;C:\Users\vinicius.nogueira\.m2\repository\com\github\docker-java\docker-java-core\3.3.6\docker-java-core-3.3.6.jar;C:\Users\vinicius.nogueira\.m2\repository\com\github\docker-java\docker-java-api\3.3.6\docker-java-api-3.3.6.jar;C:\Users\vinicius.nogueira\.m2\repository\com\fasterxml\jackson\core\jackson-annotations\2.18.2\jackson-annotations-2.18.2.jar;C:\Users\vinicius.nogueira\.m2\repository\com\fasterxml\jackson\core\jackson-databind\2.18.2\jackson-databind-2.18.2.jar;C:\Users\vinicius.nogueira\.m2\repository\com\fasterxml\jackson\core\jackson-core\2.18.2\jackson-core-2.18.2.jar;C:\Users\vinicius.nogueira\.m2\repository\org\bouncycastle\bcpkix-jdk18on\1.76\bcpkix-jdk18on-1.76.jar;C:\Users\vinicius.nogueira\.m2\repository\org\bouncycastle\bcprov-jdk18on\1.76\bcprov-jdk18on-1.76.jar;C:\Users\vinicius.nogueira\.m2\repository\org\bouncycastle\bcutil-jdk18on\1.76\bcutil-jdk18on-1.76.jar;C:\Users\vinicius.nogueira\.m2\repository\org\slf4j\jcl-over-slf4j\2.0.16\jcl-over-slf4j-2.0.16.jar;C:\Users\vinicius.nogueira\.m2\repository\com\github\docker-java\docker-java-transport-httpclient5\3.3.6\docker-java-transport-httpclient5-3.3.6.jar;C:\Users\vinicius.nogueira\.m2\repository\com\github\docker-java\docker-java-transport\3.3.6\docker-java-transport-3.3.6.jar;C:\Users\vinicius.nogueira\.m2\repository\net\java\dev\jna\jna\5.13.0\jna-5.13.0.jar;C:\Users\vinicius.nogueira\.m2\repository\org\brotli\dec\0.1.2\dec-0.1.2.jar;C:\Users\vinicius.nogueira\.m2\repository\org\apache\commons\commons-lang3\3.17.0\commons-lang3-3.17.0.jar;C:\Users\vinicius.nogueira\.m2\repository\org\apache\commons\commons-compress\1.26.1\commons-compress-1.26.1.jar;C:\Users\vinicius.nogueira\.m2\repository\commons-codec\commons-codec\1.17.1\commons-codec-1.17.1.jar;C:\Users\vinicius.nogueira\.m2\repository\commons-io\commons-io\2.15.1\commons-io-2.15.1.jar;C:\Users\vinicius.nogueira\.m2\repository\org\apache\httpcomponents\client5\httpclient5\5.4.1\httpclient5-5.4.1.jar;C:\Users\vinicius.nogueira\.m2\repository\org\apache\httpcomponents\core5\httpcore5\5.3.1\httpcore5-5.3.1.jar;C:\Users\vinicius.nogueira\.m2\repository\org\apache\httpcomponents\core5\httpcore5-h2\5.3.1\httpcore5-h2-5.3.1.jar;C:\Users\vinicius.nogueira\.m2\repository\org\springframework\boot\spring-boot-starter\3.4.1\spring-boot-starter-3.4.1.jar;C:\Users\vinicius.nogueira\.m2\repository\org\springframework\boot\spring-boot\3.4.1\spring-boot-3.4.1.jar;C:\Users\vinicius.nogueira\.m2\repository\org\springframework\spring-context\6.2.1\spring-context-6.2.1.jar;C:\Users\vinicius.nogueira\.m2\repository\org\springframework\spring-aop\6.2.1\spring-aop-6.2.1.jar;C:\Users\vinicius.nogueira\.m2\repository\org\springframework\spring-beans\6.2.1\spring-beans-6.2.1.jar;C:\Users\vinicius.nogueira\.m2\repository\org\springframework\spring-expression\6.2.1\spring-expression-6.2.1.jar;C:\Users\vinicius.nogueira\.m2\repository\io\micrometer\micrometer-observation\1.14.2\micrometer-observation-1.14.2.jar;C:\Users\vinicius.nogueira\.m2\repository\io\micrometer\micrometer-commons\1.14.2\micrometer-commons-1.14.2.jar;C:\Users\vinicius.nogueira\.m2\repository\org\springframework\boot\spring-boot-autoconfigure\3.4.1\spring-boot-autoconfigure-3.4.1.jar;C:\Users\vinicius.nogueira\.m2\repository\org\springframework\boot\spring-boot-starter-logging\3.4.1\spring-boot-starter-logging-3.4.1.jar;C:\Users\vinicius.nogueira\.m2\repository\ch\qos\logback\logback-classic\1.5.12\logback-classic-1.5.12.jar;C:\Users\vinicius.nogueira\.m2\repository\ch\qos\logback\logback-core\1.5.12\logback-core-1.5.12.jar;C:\Users\vinicius.nogueira\.m2\repository\org\apache\logging\log4j\log4j-to-slf4j\2.24.3\log4j-to-slf4j-2.24.3.jar;C:\Users\vinicius.nogueira\.m2\repository\org\apache\logging\log4j\log4j-api\2.24.3\log4j-api-2.24.3.jar;C:\Users\vinicius.nogueira\.m2\repository\org\slf4j\jul-to-slf4j\2.0.16\jul-to-slf4j-2.0.16.jar;C:\Users\vinicius.nogueira\.m2\repository\jakarta\annotation\jakarta.annotation-api\2.1.1\jakarta.annotation-api-2.1.1.jar;C:\Users\vinicius.nogueira\.m2\repository\org\springframework\spring-core\6.2.1\spring-core-6.2.1.jar;C:\Users\vinicius.nogueira\.m2\repository\org\springframework\spring-jcl\6.2.1\spring-jcl-6.2.1.jar;C:\Users\vinicius.nogueira\.m2\repository\org\yaml\snakeyaml\2.3\snakeyaml-2.3.jar;C:\Users\vinicius.nogueira\.m2\repository\org\springframework\boot\spring-boot-starter-test\3.4.1\spring-boot-starter-test-3.4.1.jar;C:\Users\vinicius.nogueira\.m2\repository\org\springframework\boot\spring-boot-test\3.4.1\spring-boot-test-3.4.1.jar;C:\Users\vinicius.nogueira\.m2\repository\org\springframework\boot\spring-boot-test-autoconfigure\3.4.1\spring-boot-test-autoconfigure-3.4.1.jar;C:\Users\vinicius.nogueira\.m2\repository\com\jayway\jsonpath\json-path\2.9.0\json-path-2.9.0.jar;C:\Users\vinicius.nogueira\.m2\repository\jakarta\xml\bind\jakarta.xml.bind-api\4.0.2\jakarta.xml.bind-api-4.0.2.jar;C:\Users\vinicius.nogueira\.m2\repository\jakarta\activation\jakarta.activation-api\2.1.3\jakarta.activation-api-2.1.3.jar;C:\Users\vinicius.nogueira\.m2\repository\net\minidev\json-smart\2.5.1\json-smart-2.5.1.jar;C:\Users\vinicius.nogueira\.m2\repository\net\minidev\accessors-smart\2.5.1\accessors-smart-2.5.1.jar;C:\Users\vinicius.nogueira\.m2\repository\org\ow2\asm\asm\9.6\asm-9.6.jar;C:\Users\vinicius.nogueira\.m2\repository\org\assertj\assertj-core\3.26.3\assertj-core-3.26.3.jar;C:\Users\vinicius.nogueira\.m2\repository\org\awaitility\awaitility\4.2.2\awaitility-4.2.2.jar;C:\Users\vinicius.nogueira\.m2\repository\org\hamcrest\hamcrest\2.2\hamcrest-2.2.jar;C:\Users\vinicius.nogueira\.m2\repository\org\junit\jupiter\junit-jupiter\5.11.4\junit-jupiter-5.11.4.jar;C:\Users\vinicius.nogueira\.m2\repository\org\junit\jupiter\junit-jupiter-api\5.11.4\junit-jupiter-api-5.11.4.jar;C:\Users\vinicius.nogueira\.m2\repository\org\opentest4j\opentest4j\1.3.0\opentest4j-1.3.0.jar;C:\Users\vinicius.nogueira\.m2\repository\org\junit\platform\junit-platform-commons\1.11.4\junit-platform-commons-1.11.4.jar;C:\Users\vinicius.nogueira\.m2\repository\org\apiguardian\apiguardian-api\1.1.2\apiguardian-api-1.1.2.jar;C:\Users\vinicius.nogueira\.m2\repository\org\junit\jupiter\junit-jupiter-params\5.11.4\junit-jupiter-params-5.11.4.jar;C:\Users\vinicius.nogueira\.m2\repository\org\junit\jupiter\junit-jupiter-engine\5.11.4\junit-jupiter-engine-5.11.4.jar;C:\Users\vinicius.nogueira\.m2\repository\org\junit\platform\junit-platform-engine\1.11.4\junit-platform-engine-1.11.4.jar;C:\Users\vinicius.nogueira\.m2\repository\org\mockito\mockito-core\5.14.2\mockito-core-5.14.2.jar;C:\Users\vinicius.nogueira\.m2\repository\net\bytebuddy\byte-buddy-agent\1.15.11\byte-buddy-agent-1.15.11.jar;C:\Users\vinicius.nogueira\.m2\repository\org\objenesis\objenesis\3.3\objenesis-3.3.jar;C:\Users\vinicius.nogueira\.m2\repository\org\mockito\mockito-junit-jupiter\5.14.2\mockito-junit-jupiter-5.14.2.jar;C:\Users\vinicius.nogueira\.m2\repository\org\skyscreamer\jsonassert\1.5.3\jsonassert-1.5.3.jar;C:\Users\vinicius.nogueira\.m2\repository\com\vaadin\external\google\android-json\0.0.20131108.vaadin1\android-json-0.0.20131108.vaadin1.jar;C:\Users\vinicius.nogueira\.m2\repository\org\springframework\spring-test\6.2.1\spring-test-6.2.1.jar;C:\Users\vinicius.nogueira\.m2\repository\org\xmlunit\xmlunit-core\2.10.0\xmlunit-core-2.10.0.jar;"/>
    <property name="java.vm.vendor" value="Oracle Corporation"/>
    <property name="sun.arch.data.model" value="64"/>
    <property name="user.variant" value=""/>
    <property name="java.vendor.url" value="https://java.oracle.com/"/>
    <property name="user.timezone" value="America/Sao_Paulo"/>
    <property name="os.name" value="Windows 11"/>
    <property name="java.vm.specification.version" value="17"/>
    <property name="APPLICATION_NAME" value="preenchedor de ponto"/>
    <property name="sun.java.launcher" value="SUN_STANDARD"/>
    <property name="user.country" value="BR"/>
    <property name="sun.boot.library.path" value="C:\Program Files\Java\jdk-17\bin"/>
    <property name="sun.java.command" value="C:\Users\vinicius.nogueira\AppData\Local\Temp\surefire4336835451795852755\surefirebooter-20241226184211788_3.jar C:\Users\vinicius.nogueira\AppData\Local\Temp\surefire4336835451795852755 2024-12-26T18-42-08_577-jvmRun1 surefire-20241226184211788_1tmp surefire_0-20241226184211788_2tmp"/>
    <property name="jdk.debug" value="release"/>
    <property name="surefire.test.class.path" value="C:\Users\vinicius.nogueira\Desktop\preenchedor ponto\demo\demo\target\test-classes;C:\Users\vinicius.nogueira\Desktop\preenchedor ponto\demo\demo\target\classes;C:\Users\vinicius.nogueira\.m2\repository\org\seleniumhq\selenium\selenium-java\4.19.1\selenium-java-4.19.1.jar;C:\Users\vinicius.nogueira\.m2\repository\org\seleniumhq\selenium\selenium-api\4.25.0\selenium-api-4.25.0.jar;C:\Users\vinicius.nogueira\.m2\repository\org\jspecify\jspecify\1.0.0\jspecify-1.0.0.jar;C:\Users\vinicius.nogueira\.m2\repository\org\seleniumhq\selenium\selenium-chrome-driver\4.25.0\selenium-chrome-driver-4.25.0.jar;C:\Users\vinicius.nogueira\.m2\repository\com\google\auto\service\auto-service-annotations\1.1.1\auto-service-annotations-1.1.1.jar;C:\Users\vinicius.nogueira\.m2\repository\org\seleniumhq\selenium\selenium-chromium-driver\4.25.0\selenium-chromium-driver-4.25.0.jar;C:\Users\vinicius.nogueira\.m2\repository\org\seleniumhq\selenium\selenium-json\4.25.0\selenium-json-4.25.0.jar;C:\Users\vinicius.nogueira\.m2\repository\org\seleniumhq\selenium\selenium-manager\4.25.0\selenium-manager-4.25.0.jar;C:\Users\vinicius.nogueira\.m2\repository\org\seleniumhq\selenium\selenium-devtools-v121\4.19.1\selenium-devtools-v121-4.19.1.jar;C:\Users\vinicius.nogueira\.m2\repository\org\seleniumhq\selenium\selenium-devtools-v122\4.19.1\selenium-devtools-v122-4.19.1.jar;C:\Users\vinicius.nogueira\.m2\repository\org\seleniumhq\selenium\selenium-devtools-v123\4.19.1\selenium-devtools-v123-4.19.1.jar;C:\Users\vinicius.nogueira\.m2\repository\org\seleniumhq\selenium\selenium-devtools-v85\4.25.0\selenium-devtools-v85-4.25.0.jar;C:\Users\vinicius.nogueira\.m2\repository\org\seleniumhq\selenium\selenium-edge-driver\4.25.0\selenium-edge-driver-4.25.0.jar;C:\Users\vinicius.nogueira\.m2\repository\org\seleniumhq\selenium\selenium-firefox-driver\4.25.0\selenium-firefox-driver-4.25.0.jar;C:\Users\vinicius.nogueira\.m2\repository\org\seleniumhq\selenium\selenium-http\4.25.0\selenium-http-4.25.0.jar;C:\Users\vinicius.nogueira\.m2\repository\dev\failsafe\failsafe\3.3.2\failsafe-3.3.2.jar;C:\Users\vinicius.nogueira\.m2\repository\org\seleniumhq\selenium\selenium-ie-driver\4.25.0\selenium-ie-driver-4.25.0.jar;C:\Users\vinicius.nogueira\.m2\repository\org\seleniumhq\selenium\selenium-remote-driver\4.25.0\selenium-remote-driver-4.25.0.jar;C:\Users\vinicius.nogueira\.m2\repository\com\google\guava\guava\33.3.1-jre\guava-33.3.1-jre.jar;C:\Users\vinicius.nogueira\.m2\repository\com\google\guava\failureaccess\1.0.2\failureaccess-1.0.2.jar;C:\Users\vinicius.nogueira\.m2\repository\com\google\guava\listenablefuture\9999.0-empty-to-avoid-conflict-with-guava\listenablefuture-9999.0-empty-to-avoid-conflict-with-guava.jar;C:\Users\vinicius.nogueira\.m2\repository\com\google\code\findbugs\jsr305\3.0.2\jsr305-3.0.2.jar;C:\Users\vinicius.nogueira\.m2\repository\org\checkerframework\checker-qual\3.43.0\checker-qual-3.43.0.jar;C:\Users\vinicius.nogueira\.m2\repository\com\google\j2objc\j2objc-annotations\3.0.0\j2objc-annotations-3.0.0.jar;C:\Users\vinicius.nogueira\.m2\repository\io\opentelemetry\semconv\opentelemetry-semconv\1.25.0-alpha\opentelemetry-semconv-1.25.0-alpha.jar;C:\Users\vinicius.nogueira\.m2\repository\io\opentelemetry\opentelemetry-api\1.43.0\opentelemetry-api-1.43.0.jar;C:\Users\vinicius.nogueira\.m2\repository\io\opentelemetry\opentelemetry-context\1.43.0\opentelemetry-context-1.43.0.jar;C:\Users\vinicius.nogueira\.m2\repository\io\opentelemetry\opentelemetry-exporter-logging\1.43.0\opentelemetry-exporter-logging-1.43.0.jar;C:\Users\vinicius.nogueira\.m2\repository\io\opentelemetry\opentelemetry-sdk-common\1.43.0\opentelemetry-sdk-common-1.43.0.jar;C:\Users\vinicius.nogueira\.m2\repository\io\opentelemetry\opentelemetry-sdk-extension-autoconfigure-spi\1.43.0\opentelemetry-sdk-extension-autoconfigure-spi-1.43.0.jar;C:\Users\vinicius.nogueira\.m2\repository\io\opentelemetry\opentelemetry-sdk-extension-autoconfigure\1.43.0\opentelemetry-sdk-extension-autoconfigure-1.43.0.jar;C:\Users\vinicius.nogueira\.m2\repository\io\opentelemetry\opentelemetry-api-incubator\1.43.0-alpha\opentelemetry-api-incubator-1.43.0-alpha.jar;C:\Users\vinicius.nogueira\.m2\repository\io\opentelemetry\opentelemetry-sdk-trace\1.43.0\opentelemetry-sdk-trace-1.43.0.jar;C:\Users\vinicius.nogueira\.m2\repository\io\opentelemetry\opentelemetry-sdk\1.43.0\opentelemetry-sdk-1.43.0.jar;C:\Users\vinicius.nogueira\.m2\repository\io\opentelemetry\opentelemetry-sdk-metrics\1.43.0\opentelemetry-sdk-metrics-1.43.0.jar;C:\Users\vinicius.nogueira\.m2\repository\io\opentelemetry\opentelemetry-sdk-logs\1.43.0\opentelemetry-sdk-logs-1.43.0.jar;C:\Users\vinicius.nogueira\.m2\repository\net\bytebuddy\byte-buddy\1.15.11\byte-buddy-1.15.11.jar;C:\Users\vinicius.nogueira\.m2\repository\org\seleniumhq\selenium\selenium-os\4.25.0\selenium-os-4.25.0.jar;C:\Users\vinicius.nogueira\.m2\repository\org\apache\commons\commons-exec\1.4.0\commons-exec-1.4.0.jar;C:\Users\vinicius.nogueira\.m2\repository\org\seleniumhq\selenium\selenium-safari-driver\4.25.0\selenium-safari-driver-4.25.0.jar;C:\Users\vinicius.nogueira\.m2\repository\org\seleniumhq\selenium\selenium-support\4.25.0\selenium-support-4.25.0.jar;C:\Users\vinicius.nogueira\.m2\repository\io\github\bonigarcia\webdrivermanager\5.8.0\webdrivermanager-5.8.0.jar;C:\Users\vinicius.nogueira\.m2\repository\org\slf4j\slf4j-api\2.0.16\slf4j-api-2.0.16.jar;C:\Users\vinicius.nogueira\.m2\repository\com\google\code\gson\gson\2.11.0\gson-2.11.0.jar;C:\Users\vinicius.nogueira\.m2\repository\com\google\errorprone\error_prone_annotations\2.27.0\error_prone_annotations-2.27.0.jar;C:\Users\vinicius.nogueira\.m2\repository\com\github\docker-java\docker-java\3.3.6\docker-java-3.3.6.jar;C:\Users\vinicius.nogueira\.m2\repository\com\github\docker-java\docker-java-core\3.3.6\docker-java-core-3.3.6.jar;C:\Users\vinicius.nogueira\.m2\repository\com\github\docker-java\docker-java-api\3.3.6\docker-java-api-3.3.6.jar;C:\Users\vinicius.nogueira\.m2\repository\com\fasterxml\jackson\core\jackson-annotations\2.18.2\jackson-annotations-2.18.2.jar;C:\Users\vinicius.nogueira\.m2\repository\com\fasterxml\jackson\core\jackson-databind\2.18.2\jackson-databind-2.18.2.jar;C:\Users\vinicius.nogueira\.m2\repository\com\fasterxml\jackson\core\jackson-core\2.18.2\jackson-core-2.18.2.jar;C:\Users\vinicius.nogueira\.m2\repository\org\bouncycastle\bcpkix-jdk18on\1.76\bcpkix-jdk18on-1.76.jar;C:\Users\vinicius.nogueira\.m2\repository\org\bouncycastle\bcprov-jdk18on\1.76\bcprov-jdk18on-1.76.jar;C:\Users\vinicius.nogueira\.m2\repository\org\bouncycastle\bcutil-jdk18on\1.76\bcutil-jdk18on-1.76.jar;C:\Users\vinicius.nogueira\.m2\repository\org\slf4j\jcl-over-slf4j\2.0.16\jcl-over-slf4j-2.0.16.jar;C:\Users\vinicius.nogueira\.m2\repository\com\github\docker-java\docker-java-transport-httpclient5\3.3.6\docker-java-transport-httpclient5-3.3.6.jar;C:\Users\vinicius.nogueira\.m2\repository\com\github\docker-java\docker-java-transport\3.3.6\docker-java-transport-3.3.6.jar;C:\Users\vinicius.nogueira\.m2\repository\net\java\dev\jna\jna\5.13.0\jna-5.13.0.jar;C:\Users\vinicius.nogueira\.m2\repository\org\brotli\dec\0.1.2\dec-0.1.2.jar;C:\Users\vinicius.nogueira\.m2\repository\org\apache\commons\commons-lang3\3.17.0\commons-lang3-3.17.0.jar;C:\Users\vinicius.nogueira\.m2\repository\org\apache\commons\commons-compress\1.26.1\commons-compress-1.26.1.jar;C:\Users\vinicius.nogueira\.m2\repository\commons-codec\commons-codec\1.17.1\commons-codec-1.17.1.jar;C:\Users\vinicius.nogueira\.m2\repository\commons-io\commons-io\2.15.1\commons-io-2.15.1.jar;C:\Users\vinicius.nogueira\.m2\repository\org\apache\httpcomponents\client5\httpclient5\5.4.1\httpclient5-5.4.1.jar;C:\Users\vinicius.nogueira\.m2\repository\org\apache\httpcomponents\core5\httpcore5\5.3.1\httpcore5-5.3.1.jar;C:\Users\vinicius.nogueira\.m2\repository\org\apache\httpcomponents\core5\httpcore5-h2\5.3.1\httpcore5-h2-5.3.1.jar;C:\Users\vinicius.nogueira\.m2\repository\org\springframework\boot\spring-boot-starter\3.4.1\spring-boot-starter-3.4.1.jar;C:\Users\vinicius.nogueira\.m2\repository\org\springframework\boot\spring-boot\3.4.1\spring-boot-3.4.1.jar;C:\Users\vinicius.nogueira\.m2\repository\org\springframework\spring-context\6.2.1\spring-context-6.2.1.jar;C:\Users\vinicius.nogueira\.m2\repository\org\springframework\spring-aop\6.2.1\spring-aop-6.2.1.jar;C:\Users\vinicius.nogueira\.m2\repository\org\springframework\spring-beans\6.2.1\spring-beans-6.2.1.jar;C:\Users\vinicius.nogueira\.m2\repository\org\springframework\spring-expression\6.2.1\spring-expression-6.2.1.jar;C:\Users\vinicius.nogueira\.m2\repository\io\micrometer\micrometer-observation\1.14.2\micrometer-observation-1.14.2.jar;C:\Users\vinicius.nogueira\.m2\repository\io\micrometer\micrometer-commons\1.14.2\micrometer-commons-1.14.2.jar;C:\Users\vinicius.nogueira\.m2\repository\org\springframework\boot\spring-boot-autoconfigure\3.4.1\spring-boot-autoconfigure-3.4.1.jar;C:\Users\vinicius.nogueira\.m2\repository\org\springframework\boot\spring-boot-starter-logging\3.4.1\spring-boot-starter-logging-3.4.1.jar;C:\Users\vinicius.nogueira\.m2\repository\ch\qos\logback\logback-classic\1.5.12\logback-classic-1.5.12.jar;C:\Users\vinicius.nogueira\.m2\repository\ch\qos\logback\logback-core\1.5.12\logback-core-1.5.12.jar;C:\Users\vinicius.nogueira\.m2\repository\org\apache\logging\log4j\log4j-to-slf4j\2.24.3\log4j-to-slf4j-2.24.3.jar;C:\Users\vinicius.nogueira\.m2\repository\org\apache\logging\log4j\log4j-api\2.24.3\log4j-api-2.24.3.jar;C:\Users\vinicius.nogueira\.m2\repository\org\slf4j\jul-to-slf4j\2.0.16\jul-to-slf4j-2.0.16.jar;C:\Users\vinicius.nogueira\.m2\repository\jakarta\annotation\jakarta.annotation-api\2.1.1\jakarta.annotation-api-2.1.1.jar;C:\Users\vinicius.nogueira\.m2\repository\org\springframework\spring-core\6.2.1\spring-core-6.2.1.jar;C:\Users\vinicius.nogueira\.m2\repository\org\springframework\spring-jcl\6.2.1\spring-jcl-6.2.1.jar;C:\Users\vinicius.nogueira\.m2\repository\org\yaml\snakeyaml\2.3\snakeyaml-2.3.jar;C:\Users\vinicius.nogueira\.m2\repository\org\springframework\boot\spring-boot-starter-test\3.4.1\spring-boot-starter-test-3.4.1.jar;C:\Users\vinicius.nogueira\.m2\repository\org\springframework\boot\spring-boot-test\3.4.1\spring-boot-test-3.4.1.jar;C:\Users\vinicius.nogueira\.m2\repository\org\springframework\boot\spring-boot-test-autoconfigure\3.4.1\spring-boot-test-autoconfigure-3.4.1.jar;C:\Users\vinicius.nogueira\.m2\repository\com\jayway\jsonpath\json-path\2.9.0\json-path-2.9.0.jar;C:\Users\vinicius.nogueira\.m2\repository\jakarta\xml\bind\jakarta.xml.bind-api\4.0.2\jakarta.xml.bind-api-4.0.2.jar;C:\Users\vinicius.nogueira\.m2\repository\jakarta\activation\jakarta.activation-api\2.1.3\jakarta.activation-api-2.1.3.jar;C:\Users\vinicius.nogueira\.m2\repository\net\minidev\json-smart\2.5.1\json-smart-2.5.1.jar;C:\Users\vinicius.nogueira\.m2\repository\net\minidev\accessors-smart\2.5.1\accessors-smart-2.5.1.jar;C:\Users\vinicius.nogueira\.m2\repository\org\ow2\asm\asm\9.6\asm-9.6.jar;C:\Users\vinicius.nogueira\.m2\repository\org\assertj\assertj-core\3.26.3\assertj-core-3.26.3.jar;C:\Users\vinicius.nogueira\.m2\repository\org\awaitility\awaitility\4.2.2\awaitility-4.2.2.jar;C:\Users\vinicius.nogueira\.m2\repository\org\hamcrest\hamcrest\2.2\hamcrest-2.2.jar;C:\Users\vinicius.nogueira\.m2\repository\org\junit\jupiter\junit-jupiter\5.11.4\junit-jupiter-5.11.4.jar;C:\Users\vinicius.nogueira\.m2\repository\org\junit\jupiter\junit-jupiter-api\5.11.4\junit-jupiter-api-5.11.4.jar;C:\Users\vinicius.nogueira\.m2\repository\org\opentest4j\opentest4j\1.3.0\opentest4j-1.3.0.jar;C:\Users\vinicius.nogueira\.m2\repository\org\junit\platform\junit-platform-commons\1.11.4\junit-platform-commons-1.11.4.jar;C:\Users\vinicius.nogueira\.m2\repository\org\apiguardian\apiguardian-api\1.1.2\apiguardian-api-1.1.2.jar;C:\Users\vinicius.nogueira\.m2\repository\org\junit\jupiter\junit-jupiter-params\5.11.4\junit-jupiter-params-5.11.4.jar;C:\Users\vinicius.nogueira\.m2\repository\org\junit\jupiter\junit-jupiter-engine\5.11.4\junit-jupiter-engine-5.11.4.jar;C:\Users\vinicius.nogueira\.m2\repository\org\junit\platform\junit-platform-engine\1.11.4\junit-platform-engine-1.11.4.jar;C:\Users\vinicius.nogueira\.m2\repository\org\mockito\mockito-core\5.14.2\mockito-core-5.14.2.jar;C:\Users\vinicius.nogueira\.m2\repository\net\bytebuddy\byte-buddy-agent\1.15.11\byte-buddy-agent-1.15.11.jar;C:\Users\vinicius.nogueira\.m2\repository\org\objenesis\objenesis\3.3\objenesis-3.3.jar;C:\Users\vinicius.nogueira\.m2\repository\org\mockito\mockito-junit-jupiter\5.14.2\mockito-junit-jupiter-5.14.2.jar;C:\Users\vinicius.nogueira\.m2\repository\org\skyscreamer\jsonassert\1.5.3\jsonassert-1.5.3.jar;C:\Users\vinicius.nogueira\.m2\repository\com\vaadin\external\google\android-json\0.0.20131108.vaadin1\android-json-0.0.20131108.vaadin1.jar;C:\Users\vinicius.nogueira\.m2\repository\org\springframework\spring-test\6.2.1\spring-test-6.2.1.jar;C:\Users\vinicius.nogueira\.m2\repository\org\xmlunit\xmlunit-core\2.10.0\xmlunit-core-2.10.0.jar;"/>
    <property name="sun.cpu.endian" value="little"/>
    <property name="user.home" value="C:\Users\vinicius.nogueira"/>
    <property name="user.language" value="pt"/>
    <property name="java.specification.vendor" value="Oracle Corporation"/>
    <property name="java.version.date" value="2024-04-16"/>
    <property name="java.home" value="C:\Program Files\Java\jdk-17"/>
    <property name="file.separator" value="\"/>
    <property name="basedir" value="C:\Users\vinicius.nogueira\Desktop\preenchedor ponto\demo\demo"/>
    <property name="java.vm.compressedOopsMode" value="Zero based"/>
    <property name="line.separator" value="&#10;"/>
    <property name="java.vm.specification.vendor" value="Oracle Corporation"/>
    <property name="java.specification.name" value="Java Platform API Specification"/>
    <property name="FILE_LOG_CHARSET" value="windows-1252"/>
    <property name="java.awt.headless" value="true"/>
    <property name="surefire.real.class.path" value="C:\Users\vinicius.nogueira\AppData\Local\Temp\surefire4336835451795852755\surefirebooter-20241226184211788_3.jar"/>
    <property name="user.script" value=""/>
    <property name="sun.management.compiler" value="HotSpot 64-Bit Tiered Compilers"/>
    <property name="java.runtime.version" value="17.0.11+7-LTS-207"/>
    <property name="user.name" value="vinicius.nogueira"/>
    <property name="path.separator" value=";"/>
    <property name="os.version" value="10.0"/>
    <property name="java.runtime.name" value="Java(TM) SE Runtime Environment"/>
    <property name="file.encoding" value="Cp1252"/>
    <property name="java.vm.name" value="Java HotSpot(TM) 64-Bit Server VM"/>
    <property name="localRepository" value="C:\Users\vinicius.nogueira\.m2\repository"/>
    <property name="java.vendor.url.bug" value="https://bugreport.java.com/bugreport/"/>
    <property name="java.io.tmpdir" value="C:\Users\VINICI~1.NOG\AppData\Local\Temp\"/>
    <property name="java.version" value="17.0.11"/>
    <property name="user.dir" value="C:\Users\vinicius.nogueira\Desktop\preenchedor ponto\demo\demo"/>
    <property name="os.arch" value="amd64"/>
    <property name="java.vm.specification.name" value="Java Virtual Machine Specification"/>
    <property name="PID" value="19476"/>
    <property name="sun.os.patch.level" value=""/>
    <property name="CONSOLE_LOG_CHARSET" value="windows-1252"/>
    <property name="native.encoding" value="Cp1252"/>
    <property name="java.library.path" value="C:\Program Files\Java\jdk-17\bin;C:\Windows\Sun\Java\bin;C:\Windows\system32;C:\Windows;C:\Python312\Scripts\;C:\Python312\;C:\Program Files\Common Files\Oracle\Java\javapath;C:\Windows\system32;C:\Windows;C:\Windows\System32\Wbem;C:\Windows\System32\WindowsPowerShell\v1.0\;C:\Windows\System32\OpenSSH\;C:\Program Files\Git\cmd;C:\Program Files\Apache\Maven\apache-maven-3.9.8\bin;C:\Program Files\nodejs\;C:\ProgramData\chocolatey\bin;C:\xampp\mysql\bin;C:\Users\vinicius.nogueira\AppData\Local\Microsoft\WindowsApps;C:\Users\vinicius.nogueira\AppData\Local\Programs\Microsoft VS Code\bin;C:\Users\vinicius.nogueira\AppData\Roaming\npm;;."/>
    <property name="java.vm.info" value="mixed mode, sharing"/>
    <property name="java.vendor" value="Oracle Corporation"/>
    <property name="java.vm.version" value="17.0.11+7-LTS-207"/>
    <property name="sun.io.unicode.encoding" value="UnicodeLittle"/>
    <property name="java.class.version" value="61.0"/>
    <property name="LOGGED_APPLICATION_NAME" value="[preenchedor de ponto] "/>
  </properties>
  <testcase name="contextLoads" classname="com.example.demo.PreenchedorDePontoApplicationTests" time="2.162">
    <system-out><![CDATA[18:42:14.083 [main] INFO org.springframework.test.context.support.AnnotationConfigContextLoaderUtils -- Could not detect default configuration classes for test class [com.example.demo.PreenchedorDePontoApplicationTests]: PreenchedorDePontoApplicationTests does not declare any static, non-private, non-final, nested classes annotated with @Configuration.
18:42:14.423 [main] INFO org.springframework.boot.test.context.SpringBootTestContextBootstrapper -- Found @SpringBootConfiguration com.example.demo.PreenchedorDePontoApplication for test class com.example.demo.PreenchedorDePontoApplicationTests

  .   ____          _            __ _ _
 /\\ / ___'_ __ _ _(_)_ __  __ _ \ \ \ \
( ( )\___ | '_ | '_| | '_ \/ _` | \ \ \ \
 \\/  ___)| |_)| | | | | || (_| |  ) ) ) )
  '  |____| .__|_| |_|_| |_\__, | / / / /
 =========|_|==============|___/=/_/_/_/

 :: Spring Boot ::                (v3.4.1)

2024-12-26T18:42:15.720-03:00  INFO 19476 --- [preenchedor de ponto] [           main] c.e.d.PreenchedorDePontoApplicationTests : Starting PreenchedorDePontoApplicationTests using Java 17.0.11 with PID 19476 (started by vinicius.nogueira in C:\Users\vinicius.nogueira\Desktop\preenchedor ponto\demo\demo)
2024-12-26T18:42:15.724-03:00  INFO 19476 --- [preenchedor de ponto] [           main] c.e.d.PreenchedorDePontoApplicationTests : No active profile set, falling back to 1 default profile: "default"
2024-12-26T18:42:17.140-03:00  INFO 19476 --- [preenchedor de ponto] [           main] c.e.d.PreenchedorDePontoApplicationTests : Started PreenchedorDePontoApplicationTests in 2.294 seconds (process running for 5.031)
]]></system-out>
  </testcase>
</testsuite>